0 info it worked if it ends with ok
1 verbose cli [ '/usr/local/bin/node', '/usr/local/bin/npm', 'run', 'watch' ]
2 info using npm@4.0.5
3 info using node@v7.2.0
4 verbose run-script [ 'prewatch', 'watch', 'postwatch' ]
5 info lifecycle simpletheme@1.0.0~prewatch: simpletheme@1.0.0
6 silly lifecycle simpletheme@1.0.0~prewatch: no script for prewatch, continuing
7 info lifecycle simpletheme@1.0.0~watch: simpletheme@1.0.0
8 verbose lifecycle simpletheme@1.0.0~watch: unsafe-perm in lifecycle true
9 verbose lifecycle simpletheme@1.0.0~watch: PATH: /usr/local/lib/node_modules/npm/bin/node-gyp-bin:/var/www/html/egret.si/wp-content/themes/simpletheme/node_modules/.bin:/home/alex/.rbenv/plugins/ruby-build/bin:/home/alex/.rbenv/shims:/home/alex/.rbenv/bin:/home/alex/.dropbox-bin:/usr/local/sbin:/usr/local/bin:/usr/sbin:/usr/bin:/sbin:/bin:/usr/games:/usr/local/games:/usr/lib/jvm/java-8-oracle/bin:/usr/lib/jvm/java-8-oracle/db/bin:/usr/lib/jvm/java-8-oracle/jre/bin
10 verbose lifecycle simpletheme@1.0.0~watch: CWD: /var/www/html/egret.si/wp-content/themes/simpletheme
11 silly lifecycle simpletheme@1.0.0~watch: Args: [ '-c',
11 silly lifecycle   '(watchify app/app.js -o build/build.js) & (compass watch) & livereload' ]
12 silly lifecycle simpletheme@1.0.0~watch: Returned: code: 1  signal: null
13 info lifecycle simpletheme@1.0.0~watch: Failed to exec watch script
14 verbose stack Error: simpletheme@1.0.0 watch: `(watchify app/app.js -o build/build.js) & (compass watch) & livereload`
14 verbose stack Exit status 1
14 verbose stack     at EventEmitter.<anonymous> (/usr/local/lib/node_modules/npm/lib/utils/lifecycle.js:279:16)
14 verbose stack     at emitTwo (events.js:106:13)
14 verbose stack     at EventEmitter.emit (events.js:191:7)
14 verbose stack     at ChildProcess.<anonymous> (/usr/local/lib/node_modules/npm/lib/utils/spawn.js:40:14)
14 verbose stack     at emitTwo (events.js:106:13)
14 verbose stack     at ChildProcess.emit (events.js:191:7)
14 verbose stack     at maybeClose (internal/child_process.js:885:16)
14 verbose stack     at Process.ChildProcess._handle.onexit (internal/child_process.js:226:5)
15 verbose pkgid simpletheme@1.0.0
16 verbose cwd /var/www/html/egret.si/wp-content/themes/simpletheme
17 error Linux 4.4.0-47-generic
18 error argv "/usr/local/bin/node" "/usr/local/bin/npm" "run" "watch"
19 error node v7.2.0
20 error npm  v4.0.5
21 error code ELIFECYCLE
22 error simpletheme@1.0.0 watch: `(watchify app/app.js -o build/build.js) & (compass watch) & livereload`
22 error Exit status 1
23 error Failed at the simpletheme@1.0.0 watch script '(watchify app/app.js -o build/build.js) & (compass watch) & livereload'.
23 error Make sure you have the latest version of node.js and npm installed.
23 error If you do, this is most likely a problem with the simpletheme package,
23 error not with npm itself.
23 error Tell the author that this fails on your system:
23 error     (watchify app/app.js -o build/build.js) & (compass watch) & livereload
23 error You can get information on how to open an issue for this project with:
23 error     npm bugs simpletheme
23 error Or if that isn't available, you can get their info via:
23 error     npm owner ls simpletheme
23 error There is likely additional logging output above.
24 verbose exit [ 1, true ]
